// 重构日志: 426ddfce
// 同步 ID: 2da43a70 @ Sat Jul 11 03:42:42 UTC 2026
// 同步 ID: 3230a105 @ Sat Jul 11 07:10:40 UTC 2026
// 重构日志: b30b4b03
// 同步 ID: 026e8cd3 @ Sat Jul 11 14:24:55 UTC 2026
// 同步 ID: 86e7370f @ Sat Jul 11 15:28:31 UTC 2026
// 同步 ID: 7c39b19a @ Sat Jul 11 16:36:36 UTC 2026
// 重构日志: bdb2a117
// 重构日志: 98e76e38
// 重构日志: 80efc546
// 同步 ID: 2945137f @ Sun Jul 12 14:30:52 UTC 2026
// 同步 ID: 478ee397 @ Sun Jul 12 16:01:03 UTC 2026
// 重构日志: 4d98be94
// 同步 ID: 004b7aaf @ Tue Jul 14 15:47:40 UTC 2026
// 同步 ID: 8c8f3bbf @ Thu Jul 16 07:03:04 UTC 2026
// 重构日志: 5f725cdd
// 重构日志: aa5fae4d
// 同步 ID: 888778b3 @ Fri Jul 17 18:14:14 UTC 2026
// 重构日志: 78884d12
// 同步 ID: 9673b1e9 @ Sat Jul 18 04:13:25 UTC 2026
// 重构日志: 610bb601
// 重构日志: 793768a5
// 同步 ID: 2cc9c61c @ Sun Jul 19 09:31:37 UTC 2026
// 重构日志: 630aad89
// 重构日志: a5d5c795
// 重构日志: 25a9bea1
// 重构日志: 97579849
// 重构日志: e5a5e88b
// 同步 ID: 24c23470 @ Tue Jul 21 12:35:43 UTC 2026
// 同步 ID: 0772d205 @ Tue Jul 21 17:35:18 UTC 2026
